0 info it worked if it ends with ok
1 verbose cli [ 'C:\\Program Files (x86)\\nodejs\\\\node.exe',
1 verbose cli   'C:\\Program Files (x86)\\nodejs\\node_modules\\npm\\bin\\npm-cli.js',
1 verbose cli   'install',
1 verbose cli   'fs' ]
2 info using npm@1.1.33
3 info using node@v0.8.1
4 verbose node symlink C:\Program Files (x86)\nodejs\\node.exe
5 verbose config file C:\Users\Roederick\.npmrc
6 verbose config file C:\Program Files (x86)\nodejs\etc\npmrc
7 verbose config file C:\Program Files (x86)\nodejs\node_modules\npm\npmrc
8 verbose read json C:\Users\Roederick\AppData\Roaming\npm\package.json
9 verbose read json C:\Users\Roederick\AppData\Roaming\npm\package.json
10 verbose cache add [ 'fs', null ]
11 silly cache add name=undefined spec="fs" args=["fs",null]
12 verbose parsed url { pathname: 'fs', path: 'fs', href: 'fs' }
13 verbose lock fs C:\Users\Roederick\AppData\Roaming\npm-cache\3f4bb586f04a0c1d93eadab9363a8a3183b4860c-fs.lock
14 verbose addNamed [ 'fs', '' ]
15 verbose addNamed [ null, '' ]
16 verbose lock fs@ C:\Users\Roederick\AppData\Roaming\npm-cache\a107b96b25b65d3c8be1b3db96b953eb511e099d-fs-.lock
17 silly addNameRange { name: 'fs', range: '', hasData: false }
18 verbose url raw fs
19 verbose url resolving [ 'https://registry.npmjs.org/', './fs' ]
20 verbose url resolved https://registry.npmjs.org/fs
21 info retry registry request attempt 1 at 13:28:21
22 http GET https://registry.npmjs.org/fs
23 http 404 https://registry.npmjs.org/fs
24 silly registry.get cb [ 404,
24 silly registry.get   { server: 'CouchDB/1.2.0 (Erlang OTP/R15B)',
24 silly registry.get     date: 'Wed, 11 Jul 2012 16:28:17 GMT',
24 silly registry.get     'content-type': 'application/json',
24 silly registry.get     'content-length': '52',
24 silly registry.get     'cache-control': 'must-revalidate' } ]
25 error 404 'fs' is not in the npm registry.
25 error 404 You should bug the author to publish it
25 error 404
25 error 404 Note that you can also install from a
25 error 404 tarball, folder, or http url, or git url.
26 error System Windows_NT 6.1.7600
27 error command "C:\\Program Files (x86)\\nodejs\\\\node.exe" "C:\\Program Files (x86)\\nodejs\\node_modules\\npm\\bin\\npm-cli.js" "install" "fs"
28 error cwd D:\GitHub\node_projects\Node.js_Chat\server
29 error node -v v0.8.1
30 error npm -v 1.1.33
31 error code E404
32 error message 404 Not Found: fs
33 verbose exit [ 1, true ]
